2024/08/28 02:01:06 [error] [exception.CHttpException.404] CHttpException: Unable to resolve the request "gii". in D:\Projects\SistemInformasiKlinik\framework\web\CWebApplication.php:286
Stack trace:
#0 D:\Projects\SistemInformasiKlinik\framework\web\CWebApplication.php(141): CWebApplication->runController('gii')
#1 D:\Projects\SistemInformasiKlinik\framework\base\CApplication.php(185): CWebApplication->processRequest()
#2 D:\Projects\SistemInformasiKlinik\framework\si-klinik-app\index.php(13): CApplication->run()
#3 {main}
REQUEST_URI=/index.php?r=gii
---
2024/08/28 02:01:18 [error] [system.db.CDbCommand] CDbCommand::fetchAll() failed: SQLSTATE[42S02]: Base table or view not found: 1146 Table 'si_klinik_app_db.auth_assignment' doesn't exist. The SQL statement executed was: SELECT *
FROM `auth_assignment`
WHERE userid=:userid.
2024/08/28 02:01:18 [error] [exception.CDbException] CDbException: CDbCommand failed to execute the SQL statement: SQLSTATE[42S02]: Base table or view not found: 1146 Table 'si_klinik_app_db.auth_assignment' doesn't exist. The SQL statement executed was: SELECT *
FROM `auth_assignment`
WHERE userid=:userid in D:\Projects\SistemInformasiKlinik\framework\db\CDbCommand.php:543
Stack trace:
#0 D:\Projects\SistemInformasiKlinik\framework\db\CDbCommand.php(396): CDbCommand->queryInternal('fetchAll', Array, Array)
#1 D:\Projects\SistemInformasiKlinik\framework\web\auth\CDbAuthManager.php(337): CDbCommand->queryAll()
#2 D:\Projects\SistemInformasiKlinik\framework\web\auth\CDbAuthManager.php(74): CDbAuthManager->getAuthAssignments(NULL)
#3 D:\Projects\SistemInformasiKlinik\framework\web\auth\CWebUser.php(817): CDbAuthManager->checkAccess('admin', NULL, Array)
#4 D:\Projects\SistemInformasiKlinik\framework\web\auth\CAccessControlFilter.php(347): CWebUser->checkAccess('admin')
#5 D:\Projects\SistemInformasiKlinik\framework\web\auth\CAccessControlFilter.php(285): CAccessRule->isRoleMatched(Object(CWebUser))
#6 D:\Projects\SistemInformasiKlinik\framework\web\auth\CAccessControlFilter.php(138): CAccessRule->isUserAllowed(Object(CWebUser), Object(SiteController), Object(CInlineAction), '127.0.0.1', 'GET')
#7 D:\Projects\SistemInformasiKlinik\framework\web\filters\CFilter.php(38): CAccessControlFilter->preFilter(Object(CFilterChain))
#8 D:\Projects\SistemInformasiKlinik\framework\web\CController.php(1148): CFilter->filter(Object(CFilterChain))
#9 D:\Projects\SistemInformasiKlinik\framework\web\filters\CInlineFilter.php(58): CController->filterAccessControl(Object(CFilterChain))
#10 D:\Projects\SistemInformasiKlinik\framework\web\filters\CFilterChain.php(131): CInlineFilter->filter(Object(CFilterChain))
#11 D:\Projects\SistemInformasiKlinik\framework\web\CController.php(291): CFilterChain->run()
#12 D:\Projects\SistemInformasiKlinik\framework\web\CController.php(265): CController->runActionWithFilters(Object(CInlineAction), Array)
#13 D:\Projects\SistemInformasiKlinik\framework\web\CWebApplication.php(282): CController->run('')
#14 D:\Projects\SistemInformasiKlinik\framework\web\CWebApplication.php(141): CWebApplication->runController('')
#15 D:\Projects\SistemInformasiKlinik\framework\base\CApplication.php(185): CWebApplication->processRequest()
#16 D:\Projects\SistemInformasiKlinik\framework\si-klinik-app\index.php(13): CApplication->run()
#17 {main}
REQUEST_URI=/index.php
---
2024/08/28 02:07:01 [error] [system.db.CDbCommand] CDbCommand::fetchAll() failed: SQLSTATE[42S02]: Base table or view not found: 1146 Table 'si_klinik_app_db.auth_assignment' doesn't exist. The SQL statement executed was: SELECT *
FROM `auth_assignment`
WHERE userid=:userid.
2024/08/28 02:07:01 [error] [exception.CDbException] CDbException: CDbCommand failed to execute the SQL statement: SQLSTATE[42S02]: Base table or view not found: 1146 Table 'si_klinik_app_db.auth_assignment' doesn't exist. The SQL statement executed was: SELECT *
FROM `auth_assignment`
WHERE userid=:userid in D:\Projects\SistemInformasiKlinik\framework\db\CDbCommand.php:543
Stack trace:
#0 D:\Projects\SistemInformasiKlinik\framework\db\CDbCommand.php(396): CDbCommand->queryInternal('fetchAll', Array, Array)
#1 D:\Projects\SistemInformasiKlinik\framework\web\auth\CDbAuthManager.php(337): CDbCommand->queryAll()
#2 D:\Projects\SistemInformasiKlinik\framework\web\auth\CDbAuthManager.php(74): CDbAuthManager->getAuthAssignments(NULL)
#3 D:\Projects\SistemInformasiKlinik\framework\web\auth\CWebUser.php(817): CDbAuthManager->checkAccess('admin', NULL, Array)
#4 D:\Projects\SistemInformasiKlinik\framework\web\auth\CAccessControlFilter.php(347): CWebUser->checkAccess('admin')
#5 D:\Projects\SistemInformasiKlinik\framework\web\auth\CAccessControlFilter.php(285): CAccessRule->isRoleMatched(Object(CWebUser))
#6 D:\Projects\SistemInformasiKlinik\framework\web\auth\CAccessControlFilter.php(138): CAccessRule->isUserAllowed(Object(CWebUser), Object(SiteController), Object(CInlineAction), '127.0.0.1', 'GET')
#7 D:\Projects\SistemInformasiKlinik\framework\web\filters\CFilter.php(38): CAccessControlFilter->preFilter(Object(CFilterChain))
#8 D:\Projects\SistemInformasiKlinik\framework\web\CController.php(1148): CFilter->filter(Object(CFilterChain))
#9 D:\Projects\SistemInformasiKlinik\framework\web\filters\CInlineFilter.php(58): CController->filterAccessControl(Object(CFilterChain))
#10 D:\Projects\SistemInformasiKlinik\framework\web\filters\CFilterChain.php(131): CInlineFilter->filter(Object(CFilterChain))
#11 D:\Projects\SistemInformasiKlinik\framework\web\CController.php(291): CFilterChain->run()
#12 D:\Projects\SistemInformasiKlinik\framework\web\CController.php(265): CController->runActionWithFilters(Object(CInlineAction), Array)
#13 D:\Projects\SistemInformasiKlinik\framework\web\CWebApplication.php(282): CController->run('')
#14 D:\Projects\SistemInformasiKlinik\framework\web\CWebApplication.php(141): CWebApplication->runController('')
#15 D:\Projects\SistemInformasiKlinik\framework\base\CApplication.php(185): CWebApplication->processRequest()
#16 D:\Projects\SistemInformasiKlinik\framework\si-klinik-app\index.php(13): CApplication->run()
#17 {main}
REQUEST_URI=/
---
2024/08/28 02:11:12 [error] [exception.CException] CException: SiteController has an extra endWidget() call in its view. in D:\Projects\SistemInformasiKlinik\framework\web\CBaseController.php:219
Stack trace:
#0 D:\Projects\SistemInformasiKlinik\framework\si-klinik-app\protected\views\site\login.php(30): CBaseController->endWidget()
#1 D:\Projects\SistemInformasiKlinik\framework\web\CBaseController.php(126): require('D:\\Projects\\Sis...')
#2 D:\Projects\SistemInformasiKlinik\framework\web\CBaseController.php(95): CBaseController->renderInternal('D:\\Projects\\Sis...', Array, true)
#3 D:\Projects\SistemInformasiKlinik\framework\web\CController.php(872): CBaseController->renderFile('D:\\Projects\\Sis...', Array, true)
#4 D:\Projects\SistemInformasiKlinik\framework\web\CController.php(785): CController->renderPartial('login', Array, true)
#5 D:\Projects\SistemInformasiKlinik\framework\si-klinik-app\protected\controllers\SiteController.php(88): CController->render('login', Array)
#6 D:\Projects\SistemInformasiKlinik\framework\web\actions\CInlineAction.php(49): SiteController->actionLogin()
#7 D:\Projects\SistemInformasiKlinik\framework\web\CController.php(308): CInlineAction->runWithParams(Array)
#8 D:\Projects\SistemInformasiKlinik\framework\web\filters\CFilterChain.php(134): CController->runAction(Object(CInlineAction))
#9 D:\Projects\SistemInformasiKlinik\framework\web\filters\CFilter.php(40): CFilterChain->run()
#10 D:\Projects\SistemInformasiKlinik\framework\web\CController.php(1148): CFilter->filter(Object(CFilterChain))
#11 D:\Projects\SistemInformasiKlinik\framework\web\filters\CInlineFilter.php(58): CController->filterAccessControl(Object(CFilterChain))
#12 D:\Projects\SistemInformasiKlinik\framework\web\filters\CFilterChain.php(131): CInlineFilter->filter(Object(CFilterChain))
#13 D:\Projects\SistemInformasiKlinik\framework\web\CController.php(291): CFilterChain->run()
#14 D:\Projects\SistemInformasiKlinik\framework\web\CController.php(265): CController->runActionWithFilters(Object(CInlineAction), Array)
#15 D:\Projects\SistemInformasiKlinik\framework\web\CWebApplication.php(282): CController->run('login')
#16 D:\Projects\SistemInformasiKlinik\framework\web\CWebApplication.php(141): CWebApplication->runController('site/login')
#17 D:\Projects\SistemInformasiKlinik\framework\base\CApplication.php(185): CWebApplication->processRequest()
#18 D:\Projects\SistemInformasiKlinik\framework\si-klinik-app\index.php(13): CApplication->run()
#19 {main}
REQUEST_URI=/index.php?r=site/login
---
2024/08/28 02:14:59 [error] [exception.CException] CException: Property "User.password_repeat" is not defined. in D:\Projects\SistemInformasiKlinik\framework\base\CComponent.php:130
Stack trace:
#0 D:\Projects\SistemInformasiKlinik\framework\db\ar\CActiveRecord.php(145): CComponent->__get('password_repeat')
#1 D:\Projects\SistemInformasiKlinik\framework\web\helpers\CHtml.php(2784): CActiveRecord->__get('password_repeat')
#2 D:\Projects\SistemInformasiKlinik\framework\web\helpers\CHtml.php(2507): CHtml::resolveValue(Object(User), 'password_repeat')
#3 D:\Projects\SistemInformasiKlinik\framework\web\helpers\CHtml.php(1828): CHtml::activeInputField('password', Object(User), 'password_repeat', Array)
#4 D:\Projects\SistemInformasiKlinik\framework\web\widgets\CActiveForm.php(839): CHtml::activePasswordField(Object(User), 'password_repeat', Array)
#5 D:\Projects\SistemInformasiKlinik\framework\si-klinik-app\protected\views\site\register.php(24): CActiveForm->passwordField(Object(User), 'password_repeat')
#6 D:\Projects\SistemInformasiKlinik\framework\web\CBaseController.php(126): require('D:\\Projects\\Sis...')
#7 D:\Projects\SistemInformasiKlinik\framework\web\CBaseController.php(95): CBaseController->renderInternal('D:\\Projects\\Sis...', Array, true)
#8 D:\Projects\SistemInformasiKlinik\framework\web\CController.php(872): CBaseController->renderFile('D:\\Projects\\Sis...', Array, true)
#9 D:\Projects\SistemInformasiKlinik\framework\web\CController.php(785): CController->renderPartial('register', Array, true)
#10 D:\Projects\SistemInformasiKlinik\framework\si-klinik-app\protected\controllers\SiteController.php(117): CController->render('register', Array)
#11 D:\Projects\SistemInformasiKlinik\framework\web\actions\CInlineAction.php(49): SiteController->actionRegister()
#12 D:\Projects\SistemInformasiKlinik\framework\web\CController.php(308): CInlineAction->runWithParams(Array)
#13 D:\Projects\SistemInformasiKlinik\framework\web\filters\CFilterChain.php(134): CController->runAction(Object(CInlineAction))
#14 D:\Projects\SistemInformasiKlinik\framework\web\filters\CFilter.php(40): CFilterChain->run()
#15 D:\Projects\SistemInformasiKlinik\framework\web\CController.php(1148): CFilter->filter(Object(CFilterChain))
#16 D:\Projects\SistemInformasiKlinik\framework\web\filters\CInlineFilter.php(58): CController->filterAccessControl(Object(CFilterChain))
#17 D:\Projects\SistemInformasiKlinik\framework\web\filters\CFilterChain.php(131): CInlineFilter->filter(Object(CFilterChain))
#18 D:\Projects\SistemInformasiKlinik\framework\web\CController.php(291): CFilterChain->run()
#19 D:\Projects\SistemInformasiKlinik\framework\web\CController.php(265): CController->runActionWithFilters(Object(CInlineAction), Array)
#20 D:\Projects\SistemInformasiKlinik\framework\web\CWebApplication.php(282): CController->run('register')
#21 D:\Projects\SistemInformasiKlinik\framework\web\CWebApplication.php(141): CWebApplication->runController('site/register')
#22 D:\Projects\SistemInformasiKlinik\framework\base\CApplication.php(185): CWebApplication->processRequest()
#23 D:\Projects\SistemInformasiKlinik\framework\si-klinik-app\index.php(13): CApplication->run()
#24 {main}
REQUEST_URI=/index.php?r=site/register
HTTP_REFERER=http://localhost:3000/index.php?r=site/login
---
2024/08/28 02:37:10 [error] [exception.CException] CException: CHttpRequest is unable to determine the request URI. in D:\Projects\SistemInformasiKlinik\framework\web\CHttpRequest.php:584
Stack trace:
#0 D:\Projects\SistemInformasiKlinik\framework\web\CHttpRequest.php(331): CHttpRequest->getRequestUri()
#1 D:\Projects\SistemInformasiKlinik\framework\web\auth\CWebUser.php(379): CHttpRequest->getUrl()
#2 D:\Projects\SistemInformasiKlinik\framework\web\auth\CAccessControlFilter.php(181): CWebUser->loginRequired()
#3 D:\Projects\SistemInformasiKlinik\framework\web\auth\CAccessControlFilter.php(145): CAccessControlFilter->accessDenied(Object(CWebUser), 'You are not aut...')
#4 D:\Projects\SistemInformasiKlinik\framework\web\filters\CFilter.php(38): CAccessControlFilter->preFilter(Object(CFilterChain))
#5 D:\Projects\SistemInformasiKlinik\framework\web\CController.php(1148): CFilter->filter(Object(CFilterChain))
#6 D:\Projects\SistemInformasiKlinik\framework\web\filters\CInlineFilter.php(58): CController->filterAccessControl(Object(CFilterChain))
#7 D:\Projects\SistemInformasiKlinik\framework\web\filters\CFilterChain.php(131): CInlineFilter->filter(Object(CFilterChain))
#8 D:\Projects\SistemInformasiKlinik\framework\web\CController.php(291): CFilterChain->run()
#9 D:\Projects\SistemInformasiKlinik\framework\web\CController.php(265): CController->runActionWithFilters(Object(CInlineAction), Array)
#10 D:\Projects\SistemInformasiKlinik\framework\web\CWebApplication.php(282): CController->run('')
#11 D:\Projects\SistemInformasiKlinik\framework\web\CWebApplication.php(141): CWebApplication->runController('')
#12 D:\Projects\SistemInformasiKlinik\framework\base\CApplication.php(185): CWebApplication->processRequest()
#13 D:\Projects\SistemInformasiKlinik\framework\si-klinik-app\index.php(13): CApplication->run()
#14 {main}
---
